..........gs: 1.0 00:16:53 5054.011247 57.994926 4645.591327 2.532430 0.040207 347.892501 acc: 0.0176
..........gs: 2.0 00:24:36 1126.853276 48.365204 784.611359 2.482932 0.027389 291.393782 acc: 0.0472
..........gs: 3.0 00:32:17 979.233270 46.148170 690.379068 2.150469 0.021695 240.555566 acc: 0.1186
..........gs: 4.0 00:39:59 897.003691 45.696085 638.909808 2.114829 0.021821 210.282968 acc: 0.1919
..........gs: 5.0 00:47:41 6681.158185 58.474375 6338.485374 2.976374 0.031832 281.222068 acc: 0.1121
..........gs: 6.0 00:55:22 1165.109984 47.456453 824.045190 1.353205 0.021717 292.255136 acc: 0.0533
..........gs: 7.0 01:03:04 1018.484846 44.189046 728.606559 1.260531 0.017887 244.428708 acc: 0.1286
..........gs: 8.0 01:10:46 911.061488 43.086321 664.644436 1.286844 0.016210 202.043885 acc: 0.2399
..........gs: 9.0 01:18:27 825.692296 42.005449 615.032313 1.306269 0.015102 167.348264 acc: 0.3153
..........gs: 10.0 01:26:10 798.541630 41.356828 596.856783 1.446901 0.013876 158.881116 acc: 0.3422
learning rate decay: 0.0008
..........gs: 11.0 01:33:52 954.769659 42.647554 751.279935 1.872337 0.013637 158.969833 acc: 0.3688
..........gs: 12.0 01:41:34 683.946826 41.131389 491.807214 1.585904 0.012358 149.422319 acc: 0.3735
..........gs: 13.0 01:49:17 617.143743 41.687951 433.052471 1.734159 0.011488 140.669164 acc: 0.3891
..........gs: 14.0 01:56:59 589.612912 42.202738 402.092538 1.964169 0.011735 143.353465 acc: 0.4097
..........gs: 15.0 02:04:41 2518.921751 48.031271 2258.626452 2.800124 0.020951 209.463925 acc: 0.2676
..........gs: 16.0 02:12:23 815.011189 43.936920 550.225844 2.003073 0.018013 218.845350 acc: 0.2286
..........gs: 17.0 02:20:06 646.153075 42.553896 429.486394 1.817068 0.013094 172.295715 acc: 0.3261
..........gs: 18.0 02:27:48 592.890826 43.188580 391.780189 1.879525 0.011402 156.042532 acc: 0.3581
..........gs: 19.0 02:35:30 564.275931 43.762411 369.771331 2.004391 0.010825 148.737798 acc: 0.3827
..........gs: 20.0 02:43:12 616.982712 44.071781 402.432593 2.540469 0.012478 167.937870 acc: 0.3317
learning rate decay: 0.0006400000000000002
..........gs: 21.0 02:50:54 475.518302 43.068177 290.680560 2.302491 0.009701 139.467073 acc: 0.4178
..........gs: 22.0 02:58:37 533.743671 43.045426 339.770701 2.507928 0.009753 148.419614 acc: 0.3834
..........gs: 23.0 03:06:19 436.012651 42.300101 259.688704 2.423449 0.009405 131.600396 acc: 0.4258
..........gs: 24.0 03:14:01 429.120861 42.105110 255.614596 2.519848 0.008902 128.881307 acc: 0.4373
..........gs: 25.0 03:21:43 452.743981 42.541299 274.981936 2.660751 0.009369 132.559996 acc: 0.4404
..........gs: 26.0 03:29:26 555.852674 42.928477 366.400441 2.820998 0.011912 143.702758 acc: 0.4018
..........gs: 27.0 03:37:08 404.074542 41.687097 238.526013 2.633524 0.009361 121.227910 acc: 0.4681
..........gs: 28.0 03:44:50 398.715411 41.463320 237.496330 2.711788 0.008876 117.043974 acc: 0.4696
..........gs: 29.0 03:52:33 375.548465 41.622934 220.654758 2.676885 0.009186 110.593886 acc: 0.4989
..........gs: 30.0 04:00:14 608.171966 42.665751 420.120136 3.159627 0.012424 142.226451 acc: 0.4257
learning rate decay: 0.0005120000000000001
..........gs: 31.0 04:07:57 409.767785 42.025934 243.433373 2.542615 0.009322 121.765864 acc: 0.4629
..........gs: 32.0 04:15:39 357.699572 41.214531 208.734971 2.635856 0.008668 105.114214 acc: 0.5229
..........gs: 33.0 04:23:21 340.608540 41.322812 196.830096 2.670258 0.008428 99.785375 acc: 0.5552
..........gs: 34.0 04:31:04 327.966038 41.307758 188.606796 2.643991 0.007736 95.407492 acc: 0.5532
..........gs: 35.0 04:38:46 476.435312 41.690591 317.952602 3.017401 0.010617 113.774720 acc: 0.4925
..........gs: 36.0 04:46:28 328.103317 41.115840 189.935912 2.558966 0.007975 94.492598 acc: 0.5604
..........gs: 37.0 04:54:10 312.911662 41.053236 179.526109 2.593840 0.007715 89.738478 acc: 0.5652
..........gs: 38.0 05:01:53 323.746800 40.996473 188.441442 2.679889 0.006820 91.628996 acc: 0.5720
..........gs: 39.0 05:09:35 293.806528 40.695888 166.225024 2.658485 0.006730 84.227132 acc: 0.5972
..........gs: 40.0 05:17:17 410.089569 41.340217 262.537378 2.901068 0.008409 103.310906 acc: 0.5221
learning rate decay: 0.0004096000000000001
..........gs: 41.0 05:25:00 295.769398 41.378342 167.319553 2.666293 0.006648 84.405210 acc: 0.5952
..........gs: 42.0 05:32:42 278.461805 40.912557 157.504744 2.628280 0.006274 77.416223 acc: 0.6205
..........gs: 43.0 05:40:24 266.487756 40.982147 149.149480 2.635664 0.005984 73.720465 acc: 0.6421
..........gs: 44.0 05:48:07 260.044917 40.934524 146.551617 2.618184 0.005821 69.940592 acc: 0.6443
..........gs: 45.0 05:55:48 305.497775 41.422821 182.792005 2.833582 0.006455 78.449368 acc: 0.6216
..........gs: 46.0 06:03:31 259.573033 40.909334 145.851722 2.718099 0.005774 70.093878 acc: 0.6525
..........gs: 47.0 06:11:13 255.589446 41.052003 144.431962 2.710362 0.005910 67.395119 acc: 0.6567
..........gs: 48.0 06:18:55 254.343623 41.181939 141.436637 2.712784 0.005816 69.012263 acc: 0.6588
..........gs: 49.0 06:26:38 244.907693 41.299524 135.539435 2.688377 0.005445 65.380357 acc: 0.6653
..........gs: 50.0 06:34:20 235.719554 41.399862 131.868906 2.681335 0.005207 59.769451 acc: 0.6855
learning rate decay: 0.0003276800000000001
..........gs: 51.0 06:42:02 230.330126 41.333486 127.944655 2.687546 0.004829 58.364439 acc: 0.7023
..........gs: 52.0 06:49:45 222.301970 41.201750 123.222366 2.690658 0.004637 55.187196 acc: 0.7159
..........gs: 53.0 06:57:27 227.291034 41.647781 124.628018 2.710237 0.004744 58.304999 acc: 0.7028
..........gs: 54.0 07:05:09 222.705862 41.497849 123.059763 2.686087 0.004957 55.462164 acc: 0.7143
..........gs: 55.0 07:12:51 215.841692 41.449847 119.864654 2.703257 0.004548 51.823934 acc: 0.7343
..........gs: 56.0 07:20:34 215.850935 41.677128 118.958310 2.675640 0.004541 52.539858 acc: 0.7185
..........gs: 57.0 07:28:15 213.520523 41.546863 117.094988 2.692514 0.004728 52.186159 acc: 0.7264
..........gs: 58.0 07:35:58 211.014551 41.651097 116.933858 2.690148 0.004372 49.739448 acc: 0.7290
..........gs: 59.0 07:43:40 297.522018 42.166876 189.830850 2.853910 0.005501 62.670383 acc: 0.6855
..........gs: 60.0 07:51:22 204.488483 41.460607 112.273092 2.652410 0.003987 48.102374 acc: 0.7556
learning rate decay: 0.0002621440000000001
..........gs: 61.0 07:59:04 196.845275 41.757015 108.258466 2.634598 0.003746 44.195196 acc: 0.7597
..........gs: 62.0 08:06:46 191.972697 41.748100 105.954837 2.645723 0.003689 41.624037 acc: 0.7796
..........gs: 63.0 08:14:28 189.438457 41.518802 104.579300 2.645442 0.003744 40.694912 acc: 0.7793
..........gs: 64.0 08:22:10 187.996872 42.069166 103.276478 2.643610 0.003674 40.007619 acc: 0.7894
..........gs: 65.0 08:29:52 189.470851 41.812342 103.789744 2.642557 0.003736 41.226208 acc: 0.7766
..........gs: 66.0 08:37:34 188.360164 41.932123 104.930977 2.654550 0.003715 38.842514 acc: 0.7887
..........gs: 67.0 08:45:16 185.340827 42.057921 102.109674 2.648156 0.003633 38.525078 acc: 0.7927
..........gs: 68.0 08:52:59 182.497152 42.121992 99.615530 2.655166 0.003524 38.104464 acc: 0.7864
..........gs: 69.0 09:00:40 178.144339 42.206358 97.812635 2.642253 0.003447 35.483092 acc: 0.8108
..........gs: 70.0 09:08:23 178.265625 42.328015 96.331273 2.643419 0.003551 36.962918 acc: 0.8006
learning rate decay: 0.0002097152000000001
..........gs: 71.0 09:16:05 172.393824 42.428416 93.417364 2.633935 0.003240 33.914110 acc: 0.8160
..........gs: 72.0 09:23:46 192.300448 42.244477 111.230936 2.745849 0.003239 36.079185 acc: 0.8149
..........gs: 73.0 09:31:29 165.673245 42.169230 90.187290 2.653798 0.003024 30.662928 acc: 0.8317
..........gs: 74.0 09:39:11 166.748005 42.623281 90.379740 2.639246 0.003015 31.105738 acc: 0.8385
..........gs: 75.0 09:46:53 164.437705 42.817238 88.983931 2.619383 0.002945 30.017152 acc: 0.8427
..........gs: 76.0 09:54:35 164.070204 42.714140 89.879093 2.640101 0.003045 28.836871 acc: 0.8411
..........gs: 77.0 10:02:18 160.509381 42.627480 86.844532 2.623632 0.003030 28.413736 acc: 0.8452
..........gs: 78.0 10:09:59 161.999563 42.677066 87.124550 2.621815 0.002956 29.576132 acc: 0.8386
..........gs: 79.0 10:17:42 167.874342 42.305534 93.273987 2.643105 0.002941 29.651716 acc: 0.8385
..........gs: 80.0 10:25:24 160.102769 42.895820 86.557090 2.631300 0.002826 28.018560 acc: 0.8501
learning rate decay: 0.0001677721600000001
..........gs: 81.0 10:33:06 155.435606 42.559084 84.186295 2.609605 0.002756 26.080622 acc: 0.8589
..........gs: 82.0 10:40:48 151.617201 42.895574 82.000283 2.607562 0.002630 24.113782 acc: 0.8639
..........gs: 83.0 10:48:30 151.567223 42.806196 81.621813 2.603036 0.002595 24.536178 acc: 0.8726
..........gs: 84.0 10:56:12 151.144354 43.062805 81.786033 2.601195 0.002620 23.694321 acc: 0.8765
..........gs: 85.0 11:03:54 151.386306 42.910451 81.254420 2.605855 0.002537 24.615580 acc: 0.8654
..........gs: 86.0 11:11:37 145.326087 42.819306 78.909487 2.609152 0.002518 20.988142 acc: 0.8966
..........gs: 87.0 11:19:19 147.552925 42.996298 78.975490 2.607354 0.002534 22.973782 acc: 0.8818
..........gs: 88.0 11:27:01 147.039169 43.164500 78.719489 2.603916 0.002408 22.551264 acc: 0.8883
..........gs: 89.0 11:34:43 145.408956 43.165090 78.264126 2.606202 0.002499 21.373538 acc: 0.8988
..........gs: 90.0 11:42:25 145.201672 43.107479 78.302361 2.582855 0.002500 21.208977 acc: 0.8934
learning rate decay: 0.00013421772800000008
..........gs: 91.0 11:50:08 139.859037 43.095120 74.540096 2.592908 0.002257 19.630914 acc: 0.9078
..........gs: 92.0 11:57:50 138.432348 43.208949 73.738028 2.588631 0.002289 18.896739 acc: 0.9093
..........gs: 93.0 12:05:32 139.610737 43.720469 73.679060 2.594176 0.002369 19.617031 acc: 0.9062
..........gs: 94.0 12:13:14 141.044403 43.278274 75.502557 2.592214 0.002257 19.671358 acc: 0.9007
..........gs: 95.0 12:20:56 136.957918 43.335335 72.535895 2.582345 0.002349 18.504343 acc: 0.9059
..........gs: 96.0 12:28:38 134.924223 43.245282 71.271480 2.576513 0.002221 17.830948 acc: 0.9099
..........gs: 97.0 12:36:20 136.208696 43.514216 71.868484 2.580439 0.002152 18.245557 acc: 0.9112
..........gs: 98.0 12:44:03 134.573218 43.311342 71.665181 2.580370 0.002229 17.016325 acc: 0.9179
..........gs: 99.0 12:51:44 132.737036 43.450622 70.308964 2.577012 0.002196 16.400438 acc: 0.9204
..........gs: 100.0 12:59:27 132.216219 43.250450 69.839222 2.571663 0.002201 16.554884 acc: 0.9145
learning rate decay: 0.00010737418240000006
..........gs: 101.0 13:07:09 130.961990 43.702758 68.122747 2.578580 0.002107 16.557904 acc: 0.9172
..........gs: 102.0 13:14:51 127.119735 43.402273 67.250848 2.573439 0.002033 13.893176 acc: 0.9384
..........gs: 103.0 13:22:33 129.448553 43.801181 67.846482 2.575794 0.002053 15.225095 acc: 0.9273
..........gs: 104.0 13:30:15 128.591555 43.694087 67.290752 2.566788 0.002063 15.039928 acc: 0.9277
..........gs: 105.0 13:37:57 127.269945 43.667331 65.913736 2.554864 0.002061 15.134014 acc: 0.9347
..........gs: 106.0 13:45:39 126.557517 43.678678 66.560942 2.560185 0.002054 13.757713 acc: 0.9367
..........gs: 107.0 13:53:22 126.362632 43.967110 65.770043 2.563139 0.002027 14.062340 acc: 0.9385
..........gs: 108.0 14:01:04 124.018560 43.620679 64.625727 2.560072 0.002097 13.212082 acc: 0.9369
..........gs: 109.0 14:08:46 126.602300 43.875263 66.016897 2.559922 0.001984 14.150218 acc: 0.9382
..........gs: 110.0 14:16:28 124.441084 43.674881 64.763491 2.552830 0.002002 13.449882 acc: 0.9367
learning rate decay: 8.589934592000005e-05
..........gs: 111.0 14:24:10 122.987361 43.874363 63.816325 2.546483 0.001921 12.750191 acc: 0.9467
..........gs: 112.0 14:31:52 122.832669 43.706656 63.045293 2.550936 0.001894 13.529784 acc: 0.9412
..........gs: 113.0 14:39:34 119.993960 43.648106 61.833812 2.553798 0.001898 11.958244 acc: 0.9513
..........gs: 114.0 14:47:16 121.789176 44.025396 62.683175 2.542446 0.001888 12.538159 acc: 0.9520
..........gs: 115.0 14:54:58 121.492271 44.215644 62.632389 2.546043 0.001888 12.098196 acc: 0.9524
..........gs: 116.0 15:02:41 120.749927 44.003512 61.731408 2.545950 0.001832 12.469056 acc: 0.9472
..........gs: 117.0 15:10:22 119.050853 44.134258 61.106860 2.541397 0.001894 11.268339 acc: 0.9550
..........gs: 118.0 15:18:04 120.423677 44.115686 61.398961 2.547256 0.001887 12.361773 acc: 0.9516
..........gs: 119.0 15:25:47 117.868767 44.094062 60.555830 2.546555 0.001787 10.672320 acc: 0.9599
..........gs: 120.0 15:33:28 118.391558 43.952263 60.528871 2.539299 0.001758 11.371124 acc: 0.9538
learning rate decay: 6.871947673600005e-05
..........gs: 121.0 15:41:11 117.208414 44.356584 59.848521 2.538423 0.001770 10.464886 acc: 0.9569
..........gs: 122.0 15:48:53 117.798183 44.166194 59.425293 2.538234 0.001731 11.668463 acc: 0.9516
..........gs: 123.0 15:56:34 116.530087 44.094111 58.458213 2.535212 0.001822 11.442551 acc: 0.9576
..........gs: 124.0 16:04:17 116.629533 44.319405 58.819396 2.529981 0.001812 10.960750 acc: 0.9535
..........gs: 125.0 16:11:59 115.525637 44.321387 58.312514 2.531205 0.001740 10.360530 acc: 0.9580
..........gs: 126.0 16:19:41 115.724620 44.174593 58.269594 2.531721 0.001859 10.748711 acc: 0.9595
..........gs: 127.0 16:27:23 114.092279 44.361513 57.476999 2.536839 0.001718 9.716928 acc: 0.9659
..........gs: 128.0 16:35:05 113.462677 44.133425 57.406503 2.531254 0.001684 9.391495 acc: 0.9700
..........gs: 129.0 16:42:47 114.926264 44.311281 57.531645 2.527070 0.001712 10.556269 acc: 0.9632
..........gs: 130.0 16:50:29 112.844287 44.370462 56.829024 2.526422 0.001694 9.118378 acc: 0.9670
learning rate decay: 5.497558138880004e-05
..........gs: 131.0 16:58:12 113.464504 44.368020 56.497120 2.530567 0.001653 10.068797 acc: 0.9651
..........gs: 132.0 17:05:53 111.620000 44.283681 55.900118 2.523870 0.001647 8.912331 acc: 0.9715
..........gs: 133.0 17:13:36 111.175015 44.206001 55.480109 2.525221 0.001704 8.963684 acc: 0.9670
..........gs: 134.0 17:21:18 111.007172 44.448564 55.184072 2.524752 0.001654 8.849784 acc: 0.9719
..........gs: 135.0 17:29:00 111.163566 44.522108 55.338998 2.519602 0.001641 8.782858 acc: 0.9726
..........gs: 136.0 17:36:42 111.400539 44.756677 54.691179 2.523787 0.001595 9.428896 acc: 0.9674
..........gs: 137.0 17:44:24 111.139863 44.487963 54.840622 2.524202 0.001679 9.287077 acc: 0.9674
..........gs: 138.0 17:52:06 111.579146 44.377276 55.198993 2.517170 0.001616 9.485707 acc: 0.9625
..........gs: 139.0 17:59:48 110.667627 44.710736 54.499611 2.518112 0.001595 8.939168 acc: 0.9711
..........gs: 140.0 18:07:31 109.236477 44.303964 54.240288 2.515724 0.001618 8.176500 acc: 0.9738
learning rate decay: 4.398046511104004e-05
..........gs: 141.0 18:15:12 108.922386 44.372126 53.887639 2.511144 0.001582 8.151477 acc: 0.9715
..........gs: 142.0 18:22:55 109.828093 44.701527 53.735821 2.519740 0.001561 8.871005 acc: 0.9670
..........gs: 143.0 18:30:37 108.213394 44.605575 53.180055 2.511475 0.001551 7.916288 acc: 0.9786
..........gs: 144.0 18:38:19 107.895819 44.533587 52.892281 2.509674 0.001537 7.960277 acc: 0.9782
..........gs: 145.0 18:46:01 107.598594 44.641092 52.929582 2.509159 0.001582 7.518762 acc: 0.9809
..........gs: 146.0 18:53:43 108.202842 44.583035 52.721878 2.510857 0.001578 8.387071 acc: 0.9719
..........gs: 147.0 19:01:25 107.033412 44.416462 52.464522 2.503541 0.001588 7.648887 acc: 0.9805
..........gs: 148.0 19:09:07 106.882143 44.483543 52.546977 2.503672 0.001567 7.347951 acc: 0.9798
..........gs: 149.0 19:16:49 106.312055 44.703560 51.643943 2.507678 0.001559 7.456874 acc: 0.9749
..........gs: 150.0 19:24:31 106.968056 44.383381 52.124857 2.501332 0.001561 7.958485 acc: 0.9745
learning rate decay: 3.518437208883203e-05
..........gs: 151.0 19:32:13 106.469068 44.789293 51.655327 2.499354 0.001508 7.525094 acc: 0.9816
..........gs: 152.0 19:39:55 106.345592 44.871048 51.658625 2.498447 0.001482 7.317472 acc: 0.9756
..........gs: 153.0 19:47:37 106.221286 44.599264 51.302901 2.498569 0.001541 7.820553 acc: 0.9745
..........gs: 154.0 19:55:19 106.241772 44.709940 51.549038 2.497486 0.001472 7.485308 acc: 0.9805
..........gs: 155.0 20:03:02 105.858239 44.892787 51.115155 2.503429 0.001504 7.346869 acc: 0.9809
..........gs: 156.0 20:10:43 105.644530 44.792372 51.064493 2.495026 0.001489 7.292639 acc: 0.9767
..........gs: 157.0 20:18:26 104.671017 44.553348 50.609560 2.499606 0.001488 7.008504 acc: 0.9828
..........gs: 158.0 20:26:08 104.796052 44.589377 50.702482 2.499518 0.001495 7.004676 acc: 0.9835
..........gs: 159.0 20:33:49 104.934100 44.773449 50.615969 2.495378 0.001497 7.049305 acc: 0.9816
..........gs: 160.0 20:41:32 104.617425 44.892297 50.179022 2.500841 0.001463 7.045265 acc: 0.9805
learning rate decay: 2.8147497671065623e-05
..........gs: 161.0 20:49:14 104.649196 44.942206 50.027416 2.499425 0.001468 7.180149 acc: 0.9790
..........gs: 162.0 20:56:56 104.758083 44.781067 50.347771 2.494361 0.001495 7.134885 acc: 0.9786
..........gs: 163.0 21:04:38 104.554203 44.784550 50.558954 2.493408 0.001471 6.717290 acc: 0.9828
..........gs: 164.0 21:12:20 104.742698 44.976732 50.431130 2.496638 0.001487 6.838198 acc: 0.9801
..........gs: 165.0 21:20:02 103.219713 44.656813 49.331805 2.490137 0.001460 6.740958 acc: 0.9820
..........gs: 166.0 21:27:44 103.214458 44.905801 48.779798 2.492970 0.001461 7.035890 acc: 0.9801
..........gs: 167.0 21:35:26 103.753565 44.841585 49.458842 2.496305 0.001432 6.956833 acc: 0.9809
..........gs: 168.0 21:43:08 103.338923 44.917788 49.665688 2.488399 0.001448 6.267048 acc: 0.9831
..........gs: 169.0 21:50:50 102.526192 45.111005 48.958073 2.490680 0.001428 5.966434 acc: 0.9869
..........gs: 170.0 21:58:32 103.939777 44.744801 49.509090 2.492391 0.001444 7.193495 acc: 0.9805
learning rate decay: 2.2517998136852502e-05
..........gs: 171.0 22:06:14 103.461701 44.773648 49.328734 2.489453 0.001442 6.869866 acc: 0.9805
..........gs: 172.0 22:13:56 102.317581 44.933150 49.029295 2.488544 0.001438 5.866592 acc: 0.9854
..........gs: 173.0 22:21:39 102.242128 44.709639 48.738478 2.488723 0.001445 6.305288 acc: 0.9828
..........gs: 174.0 22:29:21 101.989044 45.020113 48.434150 2.485355 0.001456 6.049427 acc: 0.9857
..........gs: 175.0 22:37:03 101.211983 44.861495 47.923392 2.487795 0.001417 5.939301 acc: 0.9873
..........gs: 176.0 22:44:45 101.338771 44.931429 48.099739 2.490878 0.001448 5.816724 acc: 0.9891
..........gs: 177.0 22:52:27 101.691913 44.779021 48.487185 2.480125 0.001482 5.945582 acc: 0.9846
..........gs: 178.0 23:00:09 101.793217 44.770339 48.642712 2.487581 0.001422 5.892586 acc: 0.9869
..........gs: 179.0 23:07:51 101.840071 45.116855 48.401584 2.488879 0.001424 5.832752 acc: 0.9846
..........gs: 180.0 23:15:33 101.472241 44.703815 48.122991 2.480439 0.001454 6.164996 acc: 0.9839
learning rate decay: 1.8014398509482003e-05
..........gs: 181.0 23:23:15 102.169886 45.185597 48.629667 2.487212 0.001372 5.867411 acc: 0.9891
..........gs: 182.0 23:30:57 101.273238 44.862941 47.943381 2.485151 0.001385 5.981765 acc: 0.9828
..........gs: 183.0 23:38:39 100.544546 45.022845 47.287536 2.483575 0.001399 5.750590 acc: 0.9876
..........gs: 184.0 23:46:21 101.408204 44.916872 47.962336 2.481947 0.001376 6.047049 acc: 0.9869
..........gs: 185.0 23:54:03 100.987694 44.948733 47.692178 2.483012 0.001401 5.863771 acc: 0.9869
..........gs: 186.0 00:01:44 100.321297 44.808351 47.039565 2.482075 0.001403 5.991307 acc: 0.9869
.........slurmstepd: error: *** JOB 18900333 ON gra950 CANCELLED AT 2024-04-14T00:09:05 DUE TO TIME LIMIT ***
