..........gs: 1.0 08:31:53 12855.647994 67.265777 12785.673785 2.708518 0.041101
..........gs: 2.0 08:37:54 1034.125009 52.415212 979.521842 2.187954 0.025955
..........gs: 3.0 08:43:56 869.711397 50.818266 816.717710 2.175421 0.021433
..........gs: 4.0 08:49:57 799.424660 50.282719 747.339576 1.802364 0.019728
..........gs: 5.0 08:55:59 737.671009 50.470689 685.546022 1.654299 0.018565
..........gs: 6.0 09:02:00 638.615906 49.855355 587.119198 1.641353 0.016495
..........gs: 7.0 09:08:02 552.176598 50.687527 499.735018 1.754054 0.015412
..........gs: 8.0 09:14:03 492.426798 52.123820 438.433908 1.869070 0.015745
..........gs: 9.0 09:20:04 420.956338 53.020726 365.911660 2.023951 0.012825
..........gs: 10.0 09:26:06 360.906530 54.529056 304.098147 2.279328 0.012860
learning rate decay: 0.0008
..........gs: 11.0 09:32:07 313.501392 55.282285 255.788422 2.430686 0.011759
..........gs: 12.0 09:38:08 280.133545 55.773423 221.805598 2.554524 0.010822
..........gs: 13.0 09:44:09 253.503780 55.553976 195.337467 2.612338 0.010825
..........gs: 14.0 09:50:10 3035.580045 59.692603 2972.837804 3.049609 0.013744
..........gs: 15.0 09:56:11 1163.715232 49.323355 1112.899783 1.492089 0.025221
..........gs: 16.0 10:02:12 719.843316 49.591590 669.267716 0.984009 0.013879
..........gs: 17.0 10:08:14 569.458561 52.840587 515.285939 1.332037 0.012134
..........gs: 18.0 10:14:15 398.267855 55.837793 340.599595 1.830467 0.010065
..........gs: 19.0 10:20:16 312.529454 57.514230 252.858222 2.157000 0.009840
..........gs: 20.0 10:26:18 259.415678 57.223940 199.813474 2.378264 0.008861
learning rate decay: 0.0006400000000000002
..........gs: 21.0 10:32:19 224.442436 56.884550 165.057311 2.500575 0.008140
..........gs: 22.0 10:38:20 204.677351 56.909362 145.213998 2.553991 0.007768
..........gs: 23.0 10:44:21 187.292697 57.205063 127.483339 2.604294 0.007433
..........gs: 24.0 10:50:22 171.522742 57.196288 111.717054 2.609399 0.007851
..........gs: 25.0 10:56:24 455.597645 57.511113 395.528616 2.557920 0.011605
..........gs: 26.0 11:02:25 211.281473 57.122866 151.538247 2.620359 0.008455
..........gs: 27.0 11:08:26 169.800471 56.738585 110.449215 2.612670 0.008078
..........gs: 28.0 11:14:27 152.764579 56.926526 93.224454 2.613599 0.007267
..........gs: 29.0 11:20:29 344.088581 58.076802 282.974961 3.036818 0.010668
..........gs: 30.0 11:26:30 158.183208 57.679968 97.852170 2.651069 0.007172
learning rate decay: 0.0005120000000000001
..........gs: 31.0 11:32:31 139.893681 57.260083 80.021713 2.611886 0.006235
..........gs: 32.0 11:38:33 245.389643 57.631150 185.025524 2.732969 0.008810
..........gs: 33.0 11:44:34 163.645625 57.816890 103.193582 2.635153 0.006760
..........gs: 34.0 11:50:35 136.811499 57.381102 76.826892 2.603504 0.006317
..........gs: 35.0 11:56:37 125.711423 56.919383 66.198657 2.593382 0.005659
..........gs: 36.0 12:02:38 231.134550 57.830259 170.519131 2.785160 0.008131
..........gs: 37.0 12:08:39 149.452479 58.091414 88.727237 2.633828 0.006833
..........gs: 38.0 12:14:41 123.844482 56.993558 64.262395 2.588529 0.005580
..........gs: 39.0 12:20:42 121.331235 56.372536 62.382768 2.575931 0.005342
..........gs: 40.0 12:26:43 158.489594 56.688646 99.195766 2.605182 0.006576
learning rate decay: 0.0004096000000000001
..........gs: 41.0 12:32:45 131.437200 57.168034 71.691103 2.578064 0.006808
..........gs: 42.0 12:38:46 112.863077 56.189208 54.138894 2.534975 0.005113
..........gs: 43.0 12:44:47 107.939180 55.652981 49.756496 2.529703 0.004691
..........gs: 44.0 12:50:49 174.543782 57.581366 114.227414 2.735003 0.007257
..........gs: 45.0 12:56:49 108.626751 56.413263 49.676163 2.537325 0.004601
..........gs: 46.0 13:02:51 103.642702 55.697766 45.421137 2.523800 0.004620
..........gs: 47.0 13:08:52 172.307363 56.783390 112.908746 2.615227 0.007102
..........gs: 48.0 13:14:53 110.393198 56.205020 51.650218 2.537960 0.005266
..........gs: 49.0 13:20:54 102.256249 55.021659 44.714426 2.520163 0.004406
..........gs: 50.0 13:26:56 97.694777 54.744649 40.437761 2.512367 0.004175
learning rate decay: 0.0003276800000000001
..........gs: 51.0 13:32:57 94.640225 54.033221 38.111685 2.495319 0.003778
..........gs: 52.0 13:38:58 144.922677 56.636211 85.676345 2.610120 0.005661
..........gs: 53.0 13:45:00 98.364880 55.151344 40.703130 2.510405 0.003930
..........gs: 54.0 13:51:00 94.485874 54.335821 37.660269 2.489784 0.003629
..........gs: 55.0 13:57:02 91.814740 53.584021 35.744689 2.486031 0.003701
..........gs: 56.0 14:03:03 90.131994 53.436785 34.210475 2.484733 0.003672
..........gs: 57.0 14:09:04 92.691437 53.094478 37.113725 2.483234 0.003697
..........gs: 58.0 14:15:05 86.388215 52.080312 31.851042 2.456862 0.003662
..........gs: 59.0 14:21:07 146.745255 56.064632 88.150760 2.529864 0.005294
..........gs: 60.0 14:27:08 94.151757 54.374002 37.303565 2.474191 0.003727
learning rate decay: 0.0002621440000000001
..........gs: 61.0 14:33:09 88.390465 53.491330 32.435779 2.463355 0.003172
..........gs: 62.0 14:39:11 86.487688 52.754162 31.269943 2.463583 0.003307
..........gs: 63.0 14:45:12 84.290028 52.311078 29.528792 2.450158 0.003167
..........gs: 64.0 14:51:13 84.475058 52.148534 29.877459 2.449064 0.003246
..........gs: 65.0 14:57:15 83.228146 51.441809 29.346229 2.440108 0.003179
..........gs: 66.0 15:03:16 80.949825 51.051563 27.474186 2.424077 0.003245
..........gs: 67.0 15:09:17 84.236769 51.075748 30.718512 2.442509 0.003329
..........gs: 68.0 15:15:19 79.440200 50.553911 26.466005 2.420284 0.003276
..........gs: 69.0 15:21:20 77.211885 50.065480 24.734092 2.412313 0.003237
..........gs: 70.0 15:27:22 81.646655 50.101233 29.129907 2.415515 0.003236
learning rate decay: 0.0002097152000000001
..........gs: 71.0 15:33:23 83.570897 50.718440 30.425865 2.426591 0.003569
..........gs: 72.0 15:39:24 75.844415 49.563360 23.876615 2.404440 0.002934
..........gs: 73.0 15:45:26 75.195918 49.414906 23.379075 2.401937 0.002849
..........gs: 74.0 15:51:27 74.650873 49.268928 22.981487 2.400458 0.002866
..........gs: 75.0 15:57:28 75.302673 48.898291 24.012221 2.392162 0.002986
..........gs: 76.0 16:03:30 85.448754 49.983909 33.042268 2.422576 0.003304
..........gs: 77.0 16:09:32 73.918736 48.856863 22.663651 2.398221 0.002714
..........gs: 78.0 16:15:33 73.464930 48.740825 22.335276 2.388829 0.002664
..........gs: 79.0 16:21:34 94.907798 49.561102 42.928778 2.417917 0.003543
..........gs: 80.0 16:27:36 80.435703 50.055004 27.976197 2.404503 0.002931
learning rate decay: 0.0001677721600000001
..........gs: 81.0 16:33:37 73.989240 48.981788 22.622435 2.385017 0.002445
..........gs: 82.0 16:39:39 72.431303 48.278259 21.766999 2.386045 0.002400
..........gs: 83.0 16:45:41 71.795543 48.192055 21.218366 2.385122 0.002443
..........gs: 84.0 16:51:43 70.853420 47.867686 20.606097 2.379637 0.002382
..........gs: 85.0 16:57:45 71.342850 48.100932 20.861565 2.380353 0.002432
..........gs: 86.0 17:03:47 70.757280 47.767910 20.610777 2.378593 0.002340
..........gs: 87.0 17:09:49 70.889141 47.235651 21.281351 2.372139 0.002333
..........gs: 88.0 17:15:51 70.036189 47.430726 20.234864 2.370599 0.002337
..........gs: 89.0 17:21:53 69.831526 47.123376 20.339471 2.368679 0.002403
..........gs: 90.0 17:27:55 74.729646 47.270412 25.083309 2.375925 0.002627
learning rate decay: 0.00013421772800000008
..........gs: 91.0 17:33:57 69.191129 47.054577 19.772090 2.364462 0.002241
..........gs: 92.0 17:39:59 68.817956 47.200865 19.254367 2.362724 0.002148
..........gs: 93.0 17:46:01 68.358903 46.909370 19.093780 2.355753 0.002152
..........gs: 94.0 17:52:03 67.948197 46.558323 19.035780 2.354094 0.002242
..........gs: 95.0 17:58:05 67.579453 46.541228 18.684154 2.354072 0.002182
..........gs: 96.0 18:04:06 73.019913 46.381117 24.278797 2.359999 0.002326
..........gs: 97.0 18:10:08 69.531532 46.869237 20.306869 2.355426 0.002364
..........gs: 98.0 18:16:10 67.465768 46.409435 18.708144 2.348189 0.002123
..........gs: 99.0 18:22:12 66.730849 46.243438 18.142306 2.345105 0.002081
..........gs: 100.0 18:28:14 66.708347 45.958671 18.407496 2.342180 0.002055
learning rate decay: 0.00010737418240000006
..........gs: 101.0 18:34:16 66.376252 45.860549 18.172115 2.343588 0.002125
..........gs: 102.0 18:40:18 65.950241 45.556454 18.056155 2.337632 0.002098
..........gs: 103.0 18:46:20 70.113946 46.095674 21.664327 2.353945 0.002172
..........gs: 104.0 18:52:22 66.159813 46.090031 17.727670 2.342113 0.002004
..........gs: 105.0 18:58:24 66.135367 45.806000 17.995052 2.334316 0.001981
..........gs: 106.0 19:04:26 65.600902 45.679868 17.583166 2.337868 0.001924
..........gs: 107.0 19:10:28 65.562688 45.605384 17.618086 2.339218 0.002011
..........gs: 108.0 19:16:30 65.013115 45.362898 17.317422 2.332794 0.001975
..........gs: 109.0 19:22:32 64.896842 45.244224 17.322015 2.330603 0.002026
..........gs: 110.0 19:28:34 64.753679 45.379516 17.044336 2.329827 0.002000
learning rate decay: 8.589934592000005e-05
..........gs: 111.0 19:34:35 64.619345 45.290254 17.009639 2.319452 0.001940
..........gs: 112.0 19:40:38 64.399451 44.907864 17.172290 2.319298 0.001918
..........gs: 113.0 19:46:40 64.282390 44.898968 17.062368 2.321054 0.001970
..........gs: 114.0 19:52:42 64.113515 44.996210 16.806359 2.310947 0.001893
..........gs: 115.0 19:58:44 64.106549 44.614702 17.175964 2.315884 0.001895
..........gs: 116.0 20:04:46 63.892665 44.839788 16.737636 2.315242 0.001834
..........gs: 117.0 20:10:48 63.573400 44.580748 16.684783 2.307869 0.001924
..........gs: 118.0 20:16:50 63.941992 44.870932 16.763773 2.307286 0.001797
..........gs: 119.0 20:22:52 63.623334 44.717628 16.593376 2.312331 0.001853
..........gs: 120.0 20:28:54 63.588017 44.711280 16.573565 2.303172 0.001820
learning rate decay: 6.871947673600005e-05
..........gs: 121.0 20:34:56 62.923808 44.598465 16.020819 2.304524 0.001784
..........gs: 122.0 20:40:58 62.801819 44.589302 15.907434 2.305083 0.001767
..........gs: 123.0 20:47:00 63.056280 44.492278 16.264918 2.299084 0.001823
..........gs: 124.0 20:53:02 62.933408 44.682985 15.950014 2.300409 0.001758
..........gs: 125.0 20:59:04 62.903167 44.389921 16.212103 2.301143 0.001838
..........gs: 126.0 21:05:06 62.059497 43.981979 15.781484 2.296033 0.001837
..........gs: 127.0 21:11:08 62.239360 44.110261 15.834437 2.294662 0.001805
..........gs: 128.0 21:17:10 62.488081 44.182549 16.007965 2.297567 0.001771
..........gs: 129.0 21:23:12 62.507405 44.304786 15.910051 2.292568 0.001723
..........gs: 130.0 21:29:14 62.189438 43.984689 15.913086 2.291663 0.001772
learning rate decay: 5.497558138880004e-05
..........gs: 131.0 21:35:16 62.110363 44.270735 15.543631 2.295997 0.001706
..........gs: 132.0 21:41:18 62.552886 44.479198 15.784125 2.289563 0.001686
..........gs: 133.0 21:47:20 61.943892 44.210618 15.444710 2.288565 0.001655
..........gs: 134.0 21:53:22 61.875474 44.037373 15.549387 2.288714 0.001660
..........gs: 135.0 21:59:24 61.509753 43.849902 15.376610 2.283241 0.001689
..........gs: 136.0 22:05:26 61.976767 44.067033 15.623849 2.285884 0.001652
..........gs: 137.0 22:11:28 61.663946 43.962977 15.413351 2.287618 0.001681
..........gs: 138.0 22:17:30 61.248448 43.740420 15.225974 2.282054 0.001677
..........gs: 139.0 22:23:32 61.659532 44.057453 15.318259 2.283820 0.001663
..........gs: 140.0 22:29:34 61.205150 43.637373 15.285319 2.282458 0.001613
learning rate decay: 4.398046511104004e-05
..........gs: 141.0 22:35:36 61.590507 44.067590 15.245117 2.277800 0.001618
..........gs: 142.0 22:41:38 61.144983 43.696656 15.168455 2.279872 0.001605
..........gs: 143.0 22:47:40 61.032401 43.626887 15.125894 2.279619 0.001648
..........gs: 144.0 22:53:42 60.919273 43.635240 15.008942 2.275090 0.001627
..........gs: 145.0 22:59:44 61.212105 43.791061 15.145249 2.275795 0.001637
..........gs: 146.0 23:05:46 60.661465 43.417345 14.966216 2.277903 0.001576
..........gs: 147.0 23:11:47 60.697225 43.270695 15.154738 2.271792 0.001618
..........gs: 148.0 23:17:50 60.739475 43.426079 15.039325 2.274071 0.001605
..........gs: 149.0 23:23:52 60.618446 43.476251 14.866397 2.275799 0.001590
..........gs: 150.0 23:29:53 60.743261 43.374647 15.095781 2.272833 0.001617
learning rate decay: 3.518437208883203e-05
..........gs: 151.0 23:35:55 60.244561 43.164154 14.808434 2.271974 0.001566
..........gs: 152.0 23:41:57 60.372716 43.386550 14.711713 2.274452 0.001569
..........gs: 153.0 23:47:59 60.480966 43.321873 14.889859 2.269234 0.001555
..........gs: 154.0 23:54:01 60.250322 43.344289 14.634862 2.271171 0.001550
..........gs: 155.0 00:00:03 60.216488 43.254631 14.689217 2.272640 0.001526
..........gs: 156.0 00:06:05 60.294445 43.139850 14.888619 2.265975 0.001593
..........gs: 157.0 00:12:07 60.260950 43.253168 14.738893 2.268889 0.001552
..........gs: 158.0 00:18:10 60.138730 43.136757 14.731776 2.270197 0.001586
..........gs: 159.0 00:24:12 59.844758 43.067432 14.513566 2.263760 0.001579
..........gs: 160.0 00:30:14 60.245810 43.267659 14.710923 2.267228 0.001531
learning rate decay: 2.8147497671065623e-05
..........gs: 161.0 00:36:17 60.311920 43.574138 14.468374 2.269409 0.001485
..........gs: 162.0 00:42:19 59.814955 43.142210 14.409730 2.263015 0.001491
..........gs: 163.0 00:48:22 60.008522 43.233892 14.508993 2.265638 0.001488
..........gs: 164.0 00:54:24 59.673658 43.006108 14.401080 2.266470 0.001550
..........gs: 165.0 01:00:26 59.463206 42.748714 14.452279 2.262213 0.001554
..........gs: 166.0 01:06:29 59.977184 43.175864 14.537257 2.264062 0.001501
..........gs: 167.0 01:12:31 59.848360 43.047481 14.534412 2.266468 0.001522
..........gs: 168.0 01:18:33 59.871772 43.100168 14.510891 2.260713 0.001529
..........gs: 169.0 01:24:36 59.934149 43.233508 14.438617 2.262024 0.001475
..........gs: 170.0 01:30:39 60.080862 43.366002 14.450399 2.264461 0.001504
learning rate decay: 2.2517998136852502e-05
..........gs: 171.0 01:36:41 59.097270 42.606854 14.230880 2.259536 0.001538
..........gs: 172.0 01:42:44 59.818971 43.178887 14.378452 2.261632 0.001436
..........gs: 173.0 01:48:46 59.817008 43.277035 14.276699 2.263273 0.001457
..........gs: 174.0 01:54:48 59.741263 43.154433 14.328320 2.258510 0.001444
..........gs: 175.0 02:00:51 59.291474 42.832193 14.199251 2.260030 0.001487
..........gs: 176.0 02:06:53 59.209939 42.685479 14.262387 2.262073 0.001490
..........gs: 177.0 02:12:55 59.447315 42.898406 14.292356 2.256553 0.001481
..........gs: 178.0 02:18:57 59.491038 43.058654 14.171758 2.260626 0.001474
..........gs: 179.0 02:24:59 59.766303 43.279933 14.224519 2.261851 0.001426
..........gs: 180.0 02:31:01 59.318837 42.958707 14.103186 2.256944 0.001489
learning rate decay: 1.8014398509482003e-05
..........gs: 181.0 02:37:03 59.271866 42.741088 14.273599 2.257180 0.001425
..........gs: 182.0 02:43:05 59.653525 43.174488 14.219195 2.259842 0.001453
..........gs: 183.0 02:49:07 58.846849 42.585128 14.004995 2.256726 0.001488
..........gs: 184.0 02:55:09 59.401051 42.956014 14.187084 2.257953 0.001491
..........gs: 185.0 03:01:11 59.099050 42.932675 13.904637 2.261738 0.001465
..........gs: 186.0 03:07:13 59.073715 42.636663 14.182998 2.254054 0.001457
..........gs: 187.0 03:13:15 59.470662 43.003987 14.208027 2.258648 0.001459
..........gs: 188.0 03:19:17 58.818007 42.611680 13.947379 2.258948 0.001435
..........gs: 189.0 03:25:19 59.084799 42.832272 13.997381 2.255146 0.001395
..........gs: 190.0 03:31:21 59.307677 42.867372 14.182904 2.257401 0.001429
learning rate decay: 1.4411518807585603e-05
..........gs: 191.0 03:37:23 59.208813 42.920556 14.030531 2.257726 0.001420
..........gs: 192.0 03:43:25 59.150743 42.880776 14.016512 2.253455 0.001448
..........gs: 193.0 03:49:27 58.943319 42.858457 13.829096 2.255766 0.001461
..........gs: 194.0 03:55:29 59.266896 42.811009 14.200130 2.255757 0.001396
..........gs: 195.0 04:01:31 58.774192 42.412304 14.109675 2.252213 0.001470
..........gs: 196.0 04:07:33 58.875741 42.684880 13.936324 2.254537 0.001409
..........gs: 197.0 04:13:35 59.253097 42.979320 14.015301 2.258476 0.001405
..........gs: 198.0 04:19:37 58.897719 42.500621 14.144593 2.252505 0.001462
..........gs: 199.0 04:25:39 58.792063 42.724149 13.812931 2.254984 0.001463
..........gs: 200.0 04:31:41 58.881126 42.795541 13.826891 2.258694 0.001384
learning rate decay: 1.1529215046068483e-05
..........gs: 201.0 04:37:43 58.702714 42.504114 13.946375 2.252224 0.001421
..........gs: 202.0 04:43:45 59.234594 42.837315 14.144146 2.253133 0.001401
..........gs: 203.0 04:49:48 58.678564 42.648491 13.772829 2.257244 0.001414
..........gs: 204.0 04:55:49 58.897709 42.695891 13.949460 2.252357 0.001407
..........gs: 205.0 05:01:52 59.054945 42.890777 13.911040 2.253128 0.001392
..........gs: 206.0 05:07:54 58.957890 42.768981 13.932015 2.256894 0.001385
..........gs: 207.0 05:13:56 58.622601 42.583062 13.787443 2.252096 0.001391
..........gs: 208.0 05:19:58 58.807981 42.686991 13.866929 2.254061 0.001422
..........gs: 209.0 05:26:00 58.893079 42.562110 14.075487 2.255482 0.001396
..........gs: 210.0 05:32:02 58.585238 42.534752 13.798938 2.251548 0.001392
learning rate decay: 9.223372036854787e-06
..........gs: 211.0 05:38:04 58.840603 42.638688 13.948736 2.253178 0.001406
..........gs: 212.0 05:44:06 58.869915 42.663582 13.950920 2.255413 0.001394
..........gs: 213.0 05:50:08 58.703377 42.454369 13.999566 2.249441 0.001416
..........gs: 214.0 05:56:10 58.435061 42.424642 13.759054 2.251365 0.001370
..........gs: 215.0 06:02:12 59.083674 42.864575 13.965324 2.253775 0.001405
..........gs: 216.0 06:08:14 58.574762 42.622505 13.700845 2.251411 0.001400
..........gs: 217.0 06:14:16 58.604335 42.521837 13.831336 2.251162 0.001406
..........gs: 218.0 06:20:18 58.866826 42.689491 13.924384 2.252952 0.001399
..........gs: 219.0 06:26:20 59.060145 42.878210 13.934671 2.247264 0.001363
..........gs: 220.0 06:32:22 58.595020 42.664711 13.678127 2.252182 0.001376
learning rate decay: 7.37869762948383e-06
..........gs: 221.0 06:38:24 58.798289 42.711354 13.832238 2.254697 0.001383
..........gs: 222.0 06:44:26 58.605133 42.447672 13.907834 2.249628 0.001416
..........gs: 223.0 06:50:28 58.530043 42.462116 13.818502 2.249426 0.001404
..........gs: 224.0 06:56:30 58.889528 42.626309 14.012125 2.251094 0.001388
..........gs: 225.0 07:02:32 58.459280 42.511125 13.698920 2.249235 0.001357
..........gs: 226.0 07:08:34 58.447953 42.429367 13.767086 2.251500 0.001362
..........gs: 227.0 07:14:36 58.755385 42.667804 13.834431 2.253149 0.001396
..........gs: 228.0 07:20:38 58.623654 42.553800 13.822985 2.246869 0.001380
........slurmstepd: error: *** JOB 18756615 ON gra831 CANCELLED AT 2024-04-11T07:25:41 DUE TO TIME LIMIT ***
